\BOOKMARK [1][-]{section.1}{\376\377\000P\000r\000o\000j\000e\000c\000t\000\040\000P\000l\000a\000n}{}% 1
\BOOKMARK [2][-]{subsection.1.1}{\376\377\000I\000n\000t\000r\000o\000d\000u\000z\000i\000o\000n\000e}{section.1}% 2
\BOOKMARK [2][-]{subsection.1.2}{\376\377\000M\000o\000d\000e\000l\000l\000i\000\040\000d\000i\000\040\000P\000r\000o\000c\000e\000s\000s\000o}{section.1}% 3
\BOOKMARK [2][-]{subsection.1.3}{\376\377\000O\000r\000g\000a\000n\000i\000z\000z\000a\000z\000i\000o\000n\000e\000\040\000d\000e\000l\000\040\000P\000r\000o\000g\000e\000t\000t\000o}{section.1}% 4
\BOOKMARK [2][-]{subsection.1.4}{\376\377\000S\000t\000a\000n\000d\000a\000r\000d\000,\000\040\000L\000i\000n\000e\000e\000\040\000G\000u\000i\000d\000a\000,\000\040\000P\000r\000o\000c\000e\000d\000u\000r\000e}{section.1}% 5
\BOOKMARK [2][-]{subsection.1.5}{\376\377\000A\000t\000t\000i\000v\000i\000t\000\340\000\040\000d\000i\000\040\000G\000e\000s\000t\000i\000o\000n\000e}{section.1}% 6
\BOOKMARK [2][-]{subsection.1.6}{\376\377\000R\000i\000s\000c\000h\000i}{section.1}% 7
\BOOKMARK [2][-]{subsection.1.7}{\376\377\000P\000e\000r\000s\000o\000n\000a\000l\000e}{section.1}% 8
\BOOKMARK [2][-]{subsection.1.8}{\376\377\000M\000e\000t\000o\000d\000i\000\040\000e\000\040\000T\000e\000c\000n\000i\000c\000h\000e}{section.1}% 9
\BOOKMARK [2][-]{subsection.1.9}{\376\377\000G\000a\000r\000a\000n\000z\000i\000e\000\040\000d\000i\000\040\000Q\000u\000a\000l\000i\000t\000\340}{section.1}% 10
\BOOKMARK [2][-]{subsection.1.10}{\376\377\000P\000a\000c\000c\000h\000e\000t\000i\000\040\000d\000i\000\040\000l\000a\000v\000o\000r\000o}{section.1}% 11
\BOOKMARK [2][-]{subsection.1.11}{\376\377\000R\000i\000s\000o\000r\000s\000e}{section.1}% 12
\BOOKMARK [2][-]{subsection.1.12}{\376\377\000B\000u\000d\000g\000e\000t}{section.1}% 13
\BOOKMARK [2][-]{subsection.1.13}{\376\377\000C\000a\000m\000b\000i\000a\000m\000e\000n\000t\000i}{section.1}% 14
\BOOKMARK [2][-]{subsection.1.14}{\376\377\000C\000o\000n\000s\000e\000g\000n\000a}{section.1}% 15
\BOOKMARK [1][-]{section.2}{\376\377\000G\000e\000s\000t\000i\000o\000n\000e\000\040\000d\000e\000l\000\040\000p\000r\000o\000g\000e\000t\000t\000o}{}% 16
\BOOKMARK [1][-]{section.3}{\376\377\000R\000e\000q\000u\000i\000s\000i\000t\000i}{}% 17
\BOOKMARK [1][-]{section.4}{\376\377\000D\000e\000s\000i\000g\000n}{}% 18
\BOOKMARK [1][-]{section.5}{\376\377\000T\000e\000s\000t\000i\000n\000g}{}% 19
\BOOKMARK [1][-]{section.6}{\376\377\000M\000a\000i\000n\000t\000e\000n\000a\000n\000c\000e}{}% 20
